<?xml version="1.0" encoding="UTF-8"?>
<!-- Generated by org.testng.reporters.JUnitReportReporter -->
<testsuite hostname="Active34" failures="0" tests="6" name="com.OpendTestCases.LoginTest1" time="35.301" errors="0" timestamp="2023-08-19T12:57:25 IST" skipped="0">
  <testcase classname="com.OpendTestCases.LoginTest1" name="verifyByValidcredentials" time="6.677"/>
  <testcase classname="com.OpendTestCases.LoginTest1" name="verifyByinvalidcredentials" time="6.755"/>
  <testcase classname="com.OpendTestCases.LoginTest1" name="verifyByinvalidcredentials" time="5.455"/>
  <testcase classname="com.OpendTestCases.LoginTest1" name="verifyByvalid_emailID_invalidpassword" time="5.613"/>
  <testcase classname="com.OpendTestCases.LoginTest1" name="verifyByinvalid_emailID_validpassword" time="5.531"/>
  <testcase classname="com.OpendTestCases.LoginTest1" name="verifyBywithoutprovidingcredentials" time="5.270"/>
</testsuite> <!-- com.OpendTestCases.LoginTest1 -->
