<?xml version="1.0" encoding="UTF-8"?>
<!-- Generated by org.testng.reporters.JUnitReportReporter -->
<testsuite hostname="Active34" failures="0" tests="1" name="com.OpendTestCases.DashboardTest" time="18.774" errors="0" timestamp="2023-08-21T17:57:21 IST" skipped="0">
  <testcase classname="com.OpendTestCases.DashboardTest" name="DashboardFrame" time="18.774"/>
</testsuite> <!-- com.OpendTestCases.DashboardTest -->
