<?xml version="1.0" encoding="UTF-8"?>
<!-- Generated by org.testng.reporters.JUnitReportReporter -->
<testsuite hostname="Active34" failures="0" tests="1" name="com.OpendTestCases.DashboardTest" time="14.453" errors="0" timestamp="2023-08-19T12:57:25 IST" skipped="0">
  <testcase classname="com.OpendTestCases.DashboardTest" name="DashboardFrame" time="14.453"/>
</testsuite> <!-- com.OpendTestCases.DashboardTest -->
